Serveur réseau Apache Derby - 10.4.1.3 - (648739) démarré et prêt à accepter les connexions au port 1527 à 2012-01-10 13:12:48.781 GMT 
----------------------------------------------------------------
2012-01-10 13:12:56.643 GMT:
 Amorçage de Derby version The Apache Software Foundation - Apache Derby - 10.4.1.3 - (648739) : instance a816c00e-0134-c7bf-e33d-fffff0840eaf
sur le répertoire de base de données C:\Documents and Settings\Administrateur\Bureau\Predictif\Predictif\Predictif3326  

Chargeur de classe de la base de données démarré - derby.database.classpath=''
----------------------------------------------------------------
2012-01-10 13:13:22.365 GMT:
 Amorçage de Derby version The Apache Software Foundation - Apache Derby - 10.4.1.3 - (648739) : instance a02ac013-0134-c7bf-e33d-fffff0840eaf
sur le répertoire de base de données C:\Documents and Settings\Administrateur\Bureau\Predictif\Predictif\contact  

Chargeur de classe de la base de données démarré - derby.database.classpath=''

2012-01-10 13:13:23.717 GMT:
Arrêt de l'instance a02ac013-0134-c7bf-e33d-fffff0840eaf
----------------------------------------------------------------
2012-01-10 13:13:23.737 GMT Thread[DRDAConnThread_4,5,main] (DATABASE = contact), (DRDAID = {3}), Arrêt de la base de données 'contact'.
----------------------------------------------------------------
2012-01-10 13:13:25.770 GMT:
 Amorçage de Derby version The Apache Software Foundation - Apache Derby - 10.4.1.3 - (648739) : instance 0b5b0099-0134-c7bf-e33d-fffff0840eaf
sur le répertoire de base de données C:\Documents and Settings\Administrateur\Bureau\Predictif\Predictif\contact  

Chargeur de classe de la base de données démarré - derby.database.classpath=''
----------------------------------------------------------------
2012-01-10 13:34:10.716 GMT:
 Amorçage de Derby version The Apache Software Foundation - Apache Derby - 10.4.1.3 - (648739) : instance 4d3680a5-0134-c7bf-e33d-fffff0840eaf
sur le répertoire de base de données C:\Documents and Settings\Administrateur\Bureau\Predictif\Predictif\Predictif3336  

Chargeur de classe de la base de données démarré - derby.database.classpath=''

2012-01-10 13:34:12.018 GMT:
Arrêt de l'instance 4d3680a5-0134-c7bf-e33d-fffff0840eaf
----------------------------------------------------------------
2012-01-10 13:34:12.028 GMT Thread[DRDAConnThread_3,5,main] (DATABASE = Predictif3336), (DRDAID = {9}), Arrêt de la base de données 'Predictif3336'.
----------------------------------------------------------------
2012-01-10 13:34:14.712 GMT:
 Amorçage de Derby version The Apache Software Foundation - Apache Derby - 10.4.1.3 - (648739) : instance 4b81c12b-0134-c7bf-e33d-fffff0840eaf
sur le répertoire de base de données C:\Documents and Settings\Administrateur\Bureau\Predictif\Predictif\Predictif3336  

Chargeur de classe de la base de données démarré - derby.database.classpath=''
